app/build/outputs/logs/manifest-merger-debug-report.txt
-- Merging decision tree log ---
manifest
ADDED from AndroidManifest.xml:2:1
	xmlns:android
		ADDED from AndroidManifest.xml:2:11
	package
		ADDED from AndroidManifest.xml:3:11
		INJECTED from AndroidManifest.xml:0:0
		INJECTED from AndroidManifest.xml:0:0
	android:versionName
		ADDED from AndroidManifest.xml:5:11
	android:versionCode
		ADDED from AndroidManifest.xml:4:11
		INJECTED from AndroidManifest.xml:0:0
		INJECTED from AndroidManifest.xml:0:0
uses-sdk
ADDED from AndroidManifest.xml:7:3
	android:targetSdkVersion
		ADDED from AndroidManifest.xml:9:6
		INJECTED from AndroidManifest.xml:0:0
		INJECTED from AndroidManifest.xml:0:0
	android:minSdkVersion
		ADDED from AndroidManifest.xml:8:6
		INJECTED from AndroidManifest.xml:0:0
		INJECTED from AndroidManifest.xml:0:0
uses-permission#android.permission.INTERNET
ADDED from AndroidManifest.xml:11:3
	android:name
		ADDED from AndroidManifest.xml:12:6
uses-permission#android.permission.RECEIVE_BOOT_COMPLETED
ADDED from AndroidManifest.xml:14:3
	android:name
		ADDED from AndroidManifest.xml:15:7
application
ADDED from AndroidManifest.xml:17:3
	android:label
		ADDED from AndroidManifest.xml:18:5
	android:allowBackup
		ADDED from AndroidManifest.xml:19:5
	android:icon
		ADDED from AndroidManifest.xml:20:5
activity#vandy.mooc.activities.AcronymActivity
ADDED from AndroidManifest.xml:22:5
	android:label
		ADDED from AndroidManifest.xml:23:15
	android:name
		ADDED from AndroidManifest.xml:22:15
intent-filter#android.intent.action.MAIN+android.intent.category.LAUNCHER
ADDED from AndroidManifest.xml:24:7
action#android.intent.action.MAIN
ADDED from AndroidManifest.xml:25:9
	android:name
		ADDED from AndroidManifest.xml:25:17
category#android.intent.category.LAUNCHER
ADDED from AndroidManifest.xml:26:9
	android:name
		ADDED from AndroidManifest.xml:26:19
provider#vandy.mooc.provider.AcronymProvider
ADDED from AndroidManifest.xml:30:5
	android:exported
		ADDED from AndroidManifest.xml:33:8
	android:authorities
		ADDED from AndroidManifest.xml:31:8
	android:name
		ADDED from AndroidManifest.xml:32:8
receiver#vandy.mooc.provider.cache.DeleteCacheReceiver
ADDED from AndroidManifest.xml:35:5
	android:enabled
		ADDED from AndroidManifest.xml:37:8
	android:name
		ADDED from AndroidManifest.xml:36:8